[Licensing::Module] Successfully connected to LicensingClient on channel: LicenseClient-Joseph
Entitlement-based licensing initiated
[LicensingClient] Licenses Updated successfully in LicensingClient

LICENSE SYSTEM [2020721 8:16:53] Next license update check is after 2020-04-09T17:01:17

Built from '2019.3/staging' branch; Version is '2019.3.6f1 (5c3fb0a11183) revision 6045616'; Using compiler version '191627012'
OS: 'Windows 10  (10.0.0) 64bit' Language: 'en' Physical Memory: 32706 MB
[Licensing::Module] Serial number assigned to: "F4-Z822-97FE-J2JM-ZRBE-XXXX"\nBatchMode: 1, IsHumanControllingUs: 0, StartBugReporterOnCrash: 0, Is64bit: 1, IsPro: 0

 COMMAND LINE ARGUMENTS:
C:\Program Files\Unity\Hub\Editor\2019.3.6f1\Editor\Unity.exe
-adb2
-batchMode
-noUpm
-name
AssetImportWorker0
-projectPath
C:/Users/Joseph/Desktop/neural-mmo-client/UnityClient
-logFile
Library/AssetImportWorker0.log
-srvPort
51038
Successfully changed project path to: C:/Users/Joseph/Desktop/neural-mmo-client/UnityClient
C:/Users/Joseph/Desktop/neural-mmo-client/UnityClient
Using Asset Import Pipeline V2.
Refreshing native plugins compatible for Editor in 20.04 ms, found 0 plugins.
Preloading 0 native plugins for Editor in 0.00 ms.
Initialize engine version: 2019.3.6f1 (5c3fb0a11183)
[Subsystems] Discovering subsystems at path C:/Program Files/Unity/Hub/Editor/2019.3.6f1/Editor/Data/Resources/UnitySubsystems
[Subsystems] Discovering subsystems at path C:/Users/Joseph/Desktop/neural-mmo-client/UnityClient/Assets
GfxDevice: creating device client; threaded=0
Direct3D:
    Version:  Direct3D 11.0 [level 11.1]
    Renderer: NVIDIA GeForce GTX 1080 Ti (ID=0x1b06)
    Vendor:   
    VRAM:     11127 MB
    Driver:   26.21.14.4108
Initialize mono
Mono path[0] = 'C:/Program Files/Unity/Hub/Editor/2019.3.6f1/Editor/Data/Managed'
Mono path[1] = 'C:/Program Files/Unity/Hub/Editor/2019.3.6f1/Editor/Data/MonoBleedingEdge/lib/mono/unityjit'
Mono config path = 'C:/Program Files/Unity/Hub/Editor/2019.3.6f1/Editor/Data/MonoBleedingEdge/etc'
Using monoOptions --debugger-agent=transport=dt_socket,embedding=1,server=y,suspend=n,address=127.0.0.1:56492
Begin MonoManager ReloadAssembly
Registering precompiled unity dll's ...
Register platform support module: C:/Program Files/Unity/Hub/Editor/2019.3.6f1/Editor/Data/PlaybackEngines/WindowsStandaloneSupport/UnityEditor.WindowsStandalone.Extensions.dll
Register platform support module: C:/Program Files/Unity/Hub/Editor/2019.3.6f1/Editor/Data/PlaybackEngines/MacStandaloneSupport/UnityEditor.OSXStandalone.Extensions.dll
Register platform support module: C:/Program Files/Unity/Hub/Editor/2019.3.6f1/Editor/Data/PlaybackEngines/LinuxStandaloneSupport/UnityEditor.LinuxStandalone.Extensions.dll
Register platform support module: C:/Program Files/Unity/Hub/Editor/2019.3.6f1/Editor/Data/PlaybackEngines/MetroSupport/UnityEditor.UWP.Extensions.dll
Registered in 0.003178 seconds.
Native extension for LinuxStandalone target not found
Native extension for OSXStandalone target not found
Native extension for WindowsStandalone target not found
Refreshing native plugins compatible for Editor in 16.41 ms, found 0 plugins.
Preloading 0 native plugins for Editor in 0.00 ms.
Mono: successfully reloaded assembly
- Completed reload, in  1.040 seconds
Registering precompiled user dll's ...
Registered in 0.040040 seconds.
Platform modules already initialized, skipping
Begin MonoManager ReloadAssembly
Symbol file LoadedFromMemory doesn't match image C:\Users\Joseph\Desktop\neural-mmo-client\UnityClient\Library\PackageCache\com.unity.ext.nunit@1.0.0\net35\unity-custom\nunit.framework.dll
Native extension for LinuxStandalone target not found
Native extension for OSXStandalone target not found
Native extension for WindowsStandalone target not found
Refreshing native plugins compatible for Editor in 17.60 ms, found 0 plugins.
Preloading 0 native plugins for Editor in 0.00 ms.
Mono: successfully reloaded assembly
- Completed reload, in  0.605 seconds
Platform modules already initialized, skipping
========================================================================
Worker process is ready to serve import requests
WARNING: Shader Unsupported: 'Hidden/PostProcessing/FinalPass' - Pass '' has no vertex shader
WARNING: Shader Unsupported: 'Hidden/PostProcessing/FinalPass' - Pass '' has no vertex shader
WARNING: Shader Unsupported: 'Hidden/PostProcessing/Uber' - Pass '' has no vertex shader
WARNING: Shader Unsupported: 'Hidden/PostProcessing/Uber' - Pass '' has no vertex shader
Refreshing native plugins compatible for Editor in 0.28 ms, found 0 plugins.
Preloading 0 native plugins for Editor in 0.00 ms.
Unloading 1246 Unused Serialized files (Serialized files now loaded: 0)
System memory in use before: 71.1 MB.
System memory in use after: 68.9 MB.

Unloading 47 unused Assets to reduce memory usage. Loaded Objects now: 1614.
Total: 2.073500 ms (FindLiveObjects: 0.268300 ms CreateObjectMapping: 0.035900 ms MarkObjects: 1.047500 ms  DeleteObjects: 0.721300 ms)

========================================================================
Received Import Request.
  path: Assets/Scenes/SampleScene.unity
  artifactKey: Guid(9fc0d4010bbf28b4594072e72b8655ab) Importer(2089858483,3291a93977bff14cd8133371a99a42d2)
Start importing Assets/Scenes/SampleScene.unity using Guid(9fc0d4010bbf28b4594072e72b8655ab) Importer(2089858483,3291a93977bff14cd8133371a99a42d2)

Generated asset (ASIEI01) VirtualArtifacts/NamedExtra/680572c242f13994b90578f58b0b05eb.asset.1.index for Assets/Scenes/SampleScene.unity with Types
Done importing asset: 'Assets/Scenes/SampleScene.unity' (target hash: '348dd079509c8709c030efc0be8a93cf') in 0.059248 seconds
  Import took 0.061826 seconds.

========================================================================
Received Prepare
Reloading mono domain
Begin MonoManager ReloadAssembly
Registering precompiled unity dll's ...
Register platform support module: C:/Program Files/Unity/Hub/Editor/2019.3.6f1/Editor/Data/PlaybackEngines/WindowsStandaloneSupport/UnityEditor.WindowsStandalone.Extensions.dll
Register platform support module: C:/Program Files/Unity/Hub/Editor/2019.3.6f1/Editor/Data/PlaybackEngines/MacStandaloneSupport/UnityEditor.OSXStandalone.Extensions.dll
Register platform support module: C:/Program Files/Unity/Hub/Editor/2019.3.6f1/Editor/Data/PlaybackEngines/LinuxStandaloneSupport/UnityEditor.LinuxStandalone.Extensions.dll
Register platform support module: C:/Program Files/Unity/Hub/Editor/2019.3.6f1/Editor/Data/PlaybackEngines/MetroSupport/UnityEditor.UWP.Extensions.dll
Registered in 0.004320 seconds.
Symbol file LoadedFromMemory doesn't match image C:\Users\Joseph\Desktop\neural-mmo-client\UnityClient\Library\PackageCache\com.unity.ext.nunit@1.0.0\net35\unity-custom\nunit.framework.dll
Native extension for LinuxStandalone target not found
Native extension for OSXStandalone target not found
Native extension for WindowsStandalone target not found
Refreshing native plugins compatible for Editor in 34.37 ms, found 0 plugins.
Preloading 0 native plugins for Editor in 0.00 ms.
Mono: successfully reloaded assembly
- Completed reload, in  0.776 seconds
Registering precompiled user dll's ...
Registered in 0.076928 seconds.
Platform modules already initialized, skipping
Begin MonoManager ReloadAssembly
Symbol file LoadedFromMemory doesn't match image C:\Users\Joseph\Desktop\neural-mmo-client\UnityClient\Library\PackageCache\com.unity.ext.nunit@1.0.0\net35\unity-custom\nunit.framework.dll
Error: Could not load signature of Unity.Build.Classic.ClassicBuildProfile:get_Platform due to: Could not load file or assembly 'bee, Version=0.0.0.0, Culture=neutral, PublicKeyToken=null' or one of its dependencies. assembly:bee, Version=0.0.0.0, Culture=neutral, PublicKeyToken=null type:<unknown type> member:(null) signature:<none> 
(Filename: C:\buildslave\unity\build\Runtime/Mono/MonoAttributeHelpers.cpp Line: 385)

Error: Could not load signature of Unity.Entities.CodeGen.BlobAssetSafetyVerifier:PostProcessImpl due to: Could not load file or assembly 'Mono.Cecil, Version=0.10.0.0, Culture=neutral, PublicKeyToken=50cebf1cceb9d05e' or one of its dependencies. assembly:Mono.Cecil, Version=0.10.0.0, Culture=neutral, PublicKeyToken=50cebf1cceb9d05e type:<unknown type> member:(null) signature:<none> 
(Filename: C:\buildslave\unity\build\Runtime/Mono/MonoAttributeHelpers.cpp Line: 385)

Error: Could not load signature of Unity.Entities.Hybrid.CodeGen.AuthoringComponentPostProcessor:CreateBufferElementDataAuthoringType due to: Could not load file or assembly 'Mono.Cecil, Version=0.10.0.0, Culture=neutral, PublicKeyToken=50cebf1cceb9d05e' or one of its dependencies. assembly:Mono.Cecil, Version=0.10.0.0, Culture=neutral, PublicKeyToken=50cebf1cceb9d05e type:<unknown type> member:(null) signature:<none> 
(Filename: C:\buildslave\unity\build\Runtime/Mono/MonoAttributeHelpers.cpp Line: 385)

Error: Could not load signature of Unity.Entities.Editor.Decompiler:StartDecompilationProcesses due to: Could not load file or assembly 'Mono.Cecil, Version=0.10.0.0, Culture=neutral, PublicKeyToken=50cebf1cceb9d05e' or one of its dependencies. assembly:Mono.Cecil, Version=0.10.0.0, Culture=neutral, PublicKeyToken=50cebf1cceb9d05e type:<unknown type> member:(null) signature:<none> 
(Filename: C:\buildslave\unity\build\Runtime/Mono/MonoAttributeHelpers.cpp Line: 385)

Can't find custom attr constructor image: C:\Users\Joseph\Desktop\neural-mmo-client\UnityClient\Library\ScriptAssemblies\Unity.Burst.dll mtoken: 0x0a00000e due to: Could not load file or assembly 'Unity.Burst.Unsafe, Version=4.0.5.0, Culture=neutral, PublicKeyToken=null' or one of its dependencies. assembly:Unity.Burst.Unsafe, Version=4.0.5.0, Culture=neutral, PublicKeyToken=null type:<unknown type> member:(null) signature:<none>
Can't find custom attr constructor image: C:\Users\Joseph\Desktop\neural-mmo-client\UnityClient\Library\ScriptAssemblies\Unity.Burst.dll mtoken: 0x0a00000e due to: Could not load file or assembly 'Unity.Burst.Unsafe, Version=4.0.5.0, Culture=neutral, PublicKeyToken=null' or one of its dependencies. assembly:Unity.Burst.Unsafe, Version=4.0.5.0, Culture=neutral, PublicKeyToken=null type:<unknown type> member:(null) signature:<none>
Unloading broken assembly Library/ScriptAssemblies/Unity.Build.Classic.dll, this assembly can cause crashes in the runtime 
(Filename: C:\buildslave\unity\build\Runtime/Mono/MonoManager.cpp Line: 1182)

Unloading broken assembly Library/ScriptAssemblies/Unity.Entities.CodeGen.dll, this assembly can cause crashes in the runtime 
(Filename: C:\buildslave\unity\build\Runtime/Mono/MonoManager.cpp Line: 1182)

Unloading broken assembly Library/ScriptAssemblies/Unity.Entities.Hybrid.CodeGen.dll, this assembly can cause crashes in the runtime 
(Filename: C:\buildslave\unity\build\Runtime/Mono/MonoManager.cpp Line: 1182)

Unloading broken assembly Library/ScriptAssemblies/Unity.Entities.Editor.dll, this assembly can cause crashes in the runtime 
(Filename: C:\buildslave\unity\build\Runtime/Mono/MonoManager.cpp Line: 1182)

Unloading broken assembly Library/ScriptAssemblies/Unity.Properties.CodeGen.dll, this assembly can cause crashes in the runtime 
(Filename: C:\buildslave\unity\build\Runtime/Mono/MonoManager.cpp Line: 1182)

Unloading broken assembly Library/ScriptAssemblies/Unity.Build.Classic.Private.dll, this assembly can cause crashes in the runtime 
(Filename: C:\buildslave\unity\build\Runtime/Mono/MonoManager.cpp Line: 1182)

Native extension for LinuxStandalone target not found
Native extension for OSXStandalone target not found
Native extension for WindowsStandalone target not found
Refreshing native plugins compatible for Editor in 34.02 ms, found 0 plugins.
Preloading 0 native plugins for Editor in 0.00 ms.
System.TypeInitializationException: The type initializer for 'SharedTypeInfo' threw an exception. ---> System.TypeInitializationException: The type initializer for 'Unity.Burst.BurstRuntime' threw an exception. ---> System.IO.FileNotFoundException: Could not load file or assembly 'Unity.Burst.Unsafe, Version=4.0.5.0, Culture=neutral, PublicKeyToken=null' or one of its dependencies.
  at Unity.Burst.BurstRuntime..cctor () [0x00012] in C:\Users\Joseph\Desktop\neural-mmo-client\UnityClient\Library\PackageCache\com.unity.burst@1.3.0-preview.9\Runtime\BurstRuntime.cs:171 
   --- End of inner exception stack trace ---
  at Unity.Burst.SharedStatic`1[T].GetOrCreate[TContext,TSubContext] (System.UInt32 alignment) [0x00001] in C:\Users\Joseph\Desktop\neural-mmo-client\UnityClient\Library\PackageCache\com.unity.burst@1.3.0-preview.9\Runtime\SharedStatic.cs:70 
  at Unity.Entities.TypeManager+SharedTypeInfo..cctor () [0x00000] in C:\Users\Joseph\Desktop\neural-mmo-client\UnityClient\Library\PackageCache\com.unity.entities@0.10.0-preview.6\Unity.Entities\Types\TypeManager.cs:1439 
   --- End of inner exception stack trace ---
  at Unity.Entities.AttachToEntityClonerInjection.Initialize () [0x00001] in C:\Users\Joseph\Desktop\neural-mmo-client\UnityClient\Library\PackageCache\com.unity.entities@0.10.0-preview.6\Unity.Entities.Hybrid\Injection\CompanionGameObject.cs:27 
  at Unity.Entities.AttachToEntityClonerInjection..cctor () [0x00001] in C:\Users\Joseph\Desktop\neural-mmo-client\UnityClient\Library\PackageCache\com.unity.entities@0.10.0-preview.6\Unity.Entities.Hybrid\Injection\CompanionGameObject.cs:21 
UnityEngine.DebugLogHandler:Internal_Log(LogType, LogOption, String, Object)
UnityEngine.DebugLogHandler:LogFormat(LogType, Object, String, Object[])
UnityEngine.Logger:Log(LogType, Object)
UnityEngine.Debug:LogError(Object)
UnityEditor.EditorAssemblies:ProcessInitializeOnLoadAttributes(Type[])
 
(Filename: C:\buildslave\unity\build\Runtime/Export/Debug/Debug.bindings.h Line: 35)

FileNotFoundException: Could not load file or assembly 'Unity.Burst.Unsafe, Version=4.0.5.0, Culture=neutral, PublicKeyToken=null' or one of its dependencies.
  at Unity.Burst.BurstRuntime..cctor () [0x00012] in C:\Users\Joseph\Desktop\neural-mmo-client\UnityClient\Library\PackageCache\com.unity.burst@1.3.0-preview.9\Runtime\BurstRuntime.cs:171 
Rethrow as TypeInitializationException: The type initializer for 'Unity.Burst.BurstRuntime' threw an exception.
  at Unity.Burst.SharedStatic`1[T].GetOrCreate[TContext] (System.UInt32 alignment) [0x00001] in C:\Users\Joseph\Desktop\neural-mmo-client\UnityClient\Library\PackageCache\com.unity.burst@1.3.0-preview.9\Runtime\SharedStatic.cs:57 
  at Unity.Collections.AllocatorManager+StaticFunctionTable..cctor () [0x00000] in C:\Users\Joseph\Desktop\neural-mmo-client\UnityClient\Library\PackageCache\com.unity.collections@0.8.0-preview.5\Unity.Collections\AllocatorManager.cs:616 
Rethrow as TypeInitializationException: The type initializer for 'StaticFunctionTable' threw an exception.
  at Unity.Collections.AllocatorManager.Allocate (Unity.Collections.AllocatorManager+AllocatorHandle handle, System.Int32 itemSizeInBytes, System.Int32 alignmentInBytes, System.Int32 items) [0x0004a] in C:\Users\Joseph\Desktop\neural-mmo-client\UnityClient\Library\PackageCache\com.unity.collections@0.8.0-preview.5\Unity.Collections\AllocatorManager.cs:27 
  at Unity.Collections.AllocatorManager.Allocate[T] (Unity.Collections.AllocatorManager+AllocatorHandle handle, System.Int32 items) [0x00001] in C:\Users\Joseph\Desktop\neural-mmo-client\UnityClient\Library\PackageCache\com.unity.collections@0.8.0-preview.5\Unity.Collections\AllocatorManager.cs:35 
  at Unity.Collections.LowLevel.Unsafe.UnsafeList.Create (System.Int32 sizeOf, System.Int32 alignOf, System.Int32 initialCapacity, Unity.Collections.Allocator allocator, Unity.Collections.NativeArrayOptions options) [0x00013] in C:\Users\Joseph\Desktop\neural-mmo-client\UnityClient\Library\PackageCache\com.unity.collections@0.8.0-preview.5\Unity.Collections\UnsafeList.cs:134 
  at Unity.Collections.NativeList`1[T]..ctor (System.Int32 initialCapacity, Unity.Collections.Allocator allocator, System.Int32 disposeSentinelStackDepth) [0x00084] in C:\Users\Joseph\Desktop\neural-mmo-client\UnityClient\Library\PackageCache\com.unity.collections@0.8.0-preview.5\Unity.Collections\NativeList.cs:105 
  at Unity.Collections.NativeList`1[T]..ctor (Unity.Collections.Allocator allocator) [0x00000] in C:\Users\Joseph\Desktop\neural-mmo-client\UnityClient\Library\PackageCache\com.unity.collections@0.8.0-preview.5\Unity.Collections\NativeList.cs:62 
  at Unity.Scenes.Editor.EditorSceneLiveLinkToPlayerSendSystem.OnEnable () [0x00001] in C:\Users\Joseph\Desktop\neural-mmo-client\UnityClient\Library\PackageCache\com.unity.entities@0.10.0-preview.6\Unity.Scenes.Editor\EditorSceneLiveLinkToPlayerSendSystem.cs:188 
UnityEngine.ScriptableObject:CreateScriptableObjectInstanceFromType(Type, Boolean)
UnityEngine.ScriptableObject:CreateInstance(Type)
UnityEngine.ScriptableObject:CreateInstance()
UnityEditor.ScriptableSingleton`1:CreateAndLoad()
UnityEditor.ScriptableSingleton`1:get_instance()
Unity.Scenes.Editor.LiveLinkEditorEventSystem:InitializeLiveLinkSystems() (at Library\PackageCache\com.unity.entities@0.10.0-preview.6\Unity.Scenes.Editor\LiveLink\LiveLinkEditorEventSystem.cs:10)
 
(Filename: Library/PackageCache/com.unity.burst@1.3.0-preview.9/Runtime/BurstRuntime.cs Line: 171)

Mono: successfully reloaded assembly
- Completed reload, in  1.548 seconds
Platform modules already initialized, skipping
WARNING: Shader Unsupported: 'Hidden/PostProcessing/FinalPass' - Pass '' has no vertex shader
WARNING: Shader Unsupported: 'Hidden/PostProcessing/FinalPass' - Pass '' has no vertex shader
WARNING: Shader Unsupported: 'Hidden/PostProcessing/Uber' - Pass '' has no vertex shader
WARNING: Shader Unsupported: 'Hidden/PostProcessing/Uber' - Pass '' has no vertex shader
Refreshing native plugins compatible for Editor in 0.86 ms, found 0 plugins.
Preloading 0 native plugins for Editor in 0.00 ms.
Unloading 48 Unused Serialized files (Serialized files now loaded: 0)
System memory in use before: 50.2 MB.
System memory in use after: 48.1 MB.

Unloading 47 unused Assets to reduce memory usage. Loaded Objects now: 1625.
Total: 3.016800 ms (FindLiveObjects: 0.320000 ms CreateObjectMapping: 0.043000 ms MarkObjects: 1.849700 ms  DeleteObjects: 0.803400 ms)

========================================================================
Received Prepare
Reloading mono domain
Begin MonoManager ReloadAssembly
InvalidOperationException: The NativeArray has been deallocated, it is not allowed to access it
  at (wrapper managed-to-native) Unity.Collections.LowLevel.Unsafe.AtomicSafetyHandle.CheckDeallocateAndThrow_Injected(Unity.Collections.LowLevel.Unsafe.AtomicSafetyHandle&)
  at Unity.Collections.LowLevel.Unsafe.AtomicSafetyHandle.CheckDeallocateAndThrow (Unity.Collections.LowLevel.Unsafe.AtomicSafetyHandle handle) [0x00000] in <d815b7efac424eeb8e053965cccb1f98>:0 
  at Unity.Collections.LowLevel.Unsafe.DisposeSentinel.Dispose (Unity.Collections.LowLevel.Unsafe.AtomicSafetyHandle& safety, Unity.Collections.LowLevel.Unsafe.DisposeSentinel& sentinel) [0x00001] in <d815b7efac424eeb8e053965cccb1f98>:0 
  at Unity.Collections.NativeList`1[T].Dispose () [0x00001] in C:\Users\Joseph\Desktop\neural-mmo-client\UnityClient\Library\PackageCache\com.unity.collections@0.8.0-preview.5\Unity.Collections\NativeList.cs:357 
  at Unity.Scenes.Editor.EditorSceneLiveLinkToPlayerSendSystem.OnDisable () [0x00008] in C:\Users\Joseph\Desktop\neural-mmo-client\UnityClient\Library\PackageCache\com.unity.entities@0.10.0-preview.6\Unity.Scenes.Editor\EditorSceneLiveLinkToPlayerSendSystem.cs:212 
 
(Filename: <d815b7efac424eeb8e053965cccb1f98> Line: 0)

A Native Collection has not been disposed, resulting in a memory leak. Enable Full StackTraces to get more details. 
(Filename:  Line: 0)

Registering precompiled unity dll's ...
Register platform support module: C:/Program Files/Unity/Hub/Editor/2019.3.6f1/Editor/Data/PlaybackEngines/WindowsStandaloneSupport/UnityEditor.WindowsStandalone.Extensions.dll
Register platform support module: C:/Program Files/Unity/Hub/Editor/2019.3.6f1/Editor/Data/PlaybackEngines/MacStandaloneSupport/UnityEditor.OSXStandalone.Extensions.dll
Register platform support module: C:/Program Files/Unity/Hub/Editor/2019.3.6f1/Editor/Data/PlaybackEngines/LinuxStandaloneSupport/UnityEditor.LinuxStandalone.Extensions.dll
Register platform support module: C:/Program Files/Unity/Hub/Editor/2019.3.6f1/Editor/Data/PlaybackEngines/MetroSupport/UnityEditor.UWP.Extensions.dll
Registered in 0.003436 seconds.
Symbol file LoadedFromMemory doesn't match image C:\Users\Joseph\Desktop\neural-mmo-client\UnityClient\Library\PackageCache\com.unity.ext.nunit@1.0.0\net35\unity-custom\nunit.framework.dll
Error: Could not load signature of Unity.Build.Classic.ClassicBuildProfile:get_Platform due to: Could not load file or assembly 'bee, Version=0.0.0.0, Culture=neutral, PublicKeyToken=null' or one of its dependencies. assembly:bee, Version=0.0.0.0, Culture=neutral, PublicKeyToken=null type:<unknown type> member:(null) signature:<none> 
(Filename: C:\buildslave\unity\build\Runtime/Mono/MonoAttributeHelpers.cpp Line: 385)

Error: Could not load signature of Unity.Entities.CodeGen.BlobAssetSafetyVerifier:PostProcessImpl due to: Could not load file or assembly 'Mono.Cecil, Version=0.10.0.0, Culture=neutral, PublicKeyToken=50cebf1cceb9d05e' or one of its dependencies. assembly:Mono.Cecil, Version=0.10.0.0, Culture=neutral, PublicKeyToken=50cebf1cceb9d05e type:<unknown type> member:(null) signature:<none> 
(Filename: C:\buildslave\unity\build\Runtime/Mono/MonoAttributeHelpers.cpp Line: 385)

Error: Could not load signature of Unity.Entities.Hybrid.CodeGen.AuthoringComponentPostProcessor:CreateBufferElementDataAuthoringType due to: Could not load file or assembly 'Mono.Cecil, Version=0.10.0.0, Culture=neutral, PublicKeyToken=50cebf1cceb9d05e' or one of its dependencies. assembly:Mono.Cecil, Version=0.10.0.0, Culture=neutral, PublicKeyToken=50cebf1cceb9d05e type:<unknown type> member:(null) signature:<none> 
(Filename: C:\buildslave\unity\build\Runtime/Mono/MonoAttributeHelpers.cpp Line: 385)

Error: Could not load signature of Unity.Entities.Editor.Decompiler:StartDecompilationProcesses due to: Could not load file or assembly 'Mono.Cecil, Version=0.10.0.0, Culture=neutral, PublicKeyToken=50cebf1cceb9d05e' or one of its dependencies. assembly:Mono.Cecil, Version=0.10.0.0, Culture=neutral, PublicKeyToken=50cebf1cceb9d05e type:<unknown type> member:(null) signature:<none> 
(Filename: C:\buildslave\unity\build\Runtime/Mono/MonoAttributeHelpers.cpp Line: 385)

Can't find custom attr constructor image: C:\Users\Joseph\Desktop\neural-mmo-client\UnityClient\Library\ScriptAssemblies\Unity.Burst.dll mtoken: 0x0a00000e due to: Could not load file or assembly 'Unity.Burst.Unsafe, Version=4.0.5.0, Culture=neutral, PublicKeyToken=null' or one of its dependencies. assembly:Unity.Burst.Unsafe, Version=4.0.5.0, Culture=neutral, PublicKeyToken=null type:<unknown type> member:(null) signature:<none>
Can't find custom attr constructor image: C:\Users\Joseph\Desktop\neural-mmo-client\UnityClient\Library\ScriptAssemblies\Unity.Burst.dll mtoken: 0x0a00000e due to: Could not load file or assembly 'Unity.Burst.Unsafe, Version=4.0.5.0, Culture=neutral, PublicKeyToken=null' or one of its dependencies. assembly:Unity.Burst.Unsafe, Version=4.0.5.0, Culture=neutral, PublicKeyToken=null type:<unknown type> member:(null) signature:<none>
Unloading broken assembly Library/ScriptAssemblies/Unity.Build.Classic.dll, this assembly can cause crashes in the runtime 
(Filename: C:\buildslave\unity\build\Runtime/Mono/MonoManager.cpp Line: 1182)

Unloading broken assembly Library/ScriptAssemblies/Unity.Entities.CodeGen.dll, this assembly can cause crashes in the runtime 
(Filename: C:\buildslave\unity\build\Runtime/Mono/MonoManager.cpp Line: 1182)

Unloading broken assembly Library/ScriptAssemblies/Unity.Entities.Hybrid.CodeGen.dll, this assembly can cause crashes in the runtime 
(Filename: C:\buildslave\unity\build\Runtime/Mono/MonoManager.cpp Line: 1182)

Unloading broken assembly Library/ScriptAssemblies/Unity.Entities.Editor.dll, this assembly can cause crashes in the runtime 
(Filename: C:\buildslave\unity\build\Runtime/Mono/MonoManager.cpp Line: 1182)

Unloading broken assembly Library/ScriptAssemblies/Unity.Properties.CodeGen.dll, this assembly can cause crashes in the runtime 
(Filename: C:\buildslave\unity\build\Runtime/Mono/MonoManager.cpp Line: 1182)

Unloading broken assembly Library/ScriptAssemblies/Unity.Build.Classic.Private.dll, this assembly can cause crashes in the runtime 
(Filename: C:\buildslave\unity\build\Runtime/Mono/MonoManager.cpp Line: 1182)

Native extension for LinuxStandalone target not found
Native extension for OSXStandalone target not found
Native extension for WindowsStandalone target not found
Refreshing native plugins compatible for Editor in 50.51 ms, found 0 plugins.
Preloading 0 native plugins for Editor in 0.00 ms.
System.TypeInitializationException: The type initializer for 'SharedTypeInfo' threw an exception. ---> System.TypeInitializationException: The type initializer for 'Unity.Burst.BurstRuntime' threw an exception. ---> System.IO.FileNotFoundException: Could not load file or assembly 'Unity.Burst.Unsafe, Version=4.0.5.0, Culture=neutral, PublicKeyToken=null' or one of its dependencies.
  at Unity.Burst.BurstRuntime..cctor () [0x00012] in C:\Users\Joseph\Desktop\neural-mmo-client\UnityClient\Library\PackageCache\com.unity.burst@1.3.0-preview.10\Runtime\BurstRuntime.cs:171 
   --- End of inner exception stack trace ---
  at Unity.Burst.SharedStatic`1[T].GetOrCreate[TContext,TSubContext] (System.UInt32 alignment) [0x00001] in C:\Users\Joseph\Desktop\neural-mmo-client\UnityClient\Library\PackageCache\com.unity.burst@1.3.0-preview.10\Runtime\SharedStatic.cs:70 
  at Unity.Entities.TypeManager+SharedTypeInfo..cctor () [0x00000] in C:\Users\Joseph\Desktop\neural-mmo-client\UnityClient\Library\PackageCache\com.unity.entities@0.10.0-preview.6\Unity.Entities\Types\TypeManager.cs:1439 
   --- End of inner exception stack trace ---
  at Unity.Entities.AttachToEntityClonerInjection.Initialize () [0x00001] in C:\Users\Joseph\Desktop\neural-mmo-client\UnityClient\Library\PackageCache\com.unity.entities@0.10.0-preview.6\Unity.Entities.Hybrid\Injection\CompanionGameObject.cs:27 
  at Unity.Entities.AttachToEntityClonerInjection..cctor () [0x00001] in C:\Users\Joseph\Desktop\neural-mmo-client\UnityClient\Library\PackageCache\com.unity.entities@0.10.0-preview.6\Unity.Entities.Hybrid\Injection\CompanionGameObject.cs:21 
UnityEngine.DebugLogHandler:Internal_Log(LogType, LogOption, String, Object)
UnityEngine.DebugLogHandler:LogFormat(LogType, Object, String, Object[])
UnityEngine.Logger:Log(LogType, Object)
UnityEngine.Debug:LogError(Object)
UnityEditor.EditorAssemblies:ProcessInitializeOnLoadAttributes(Type[])
 
(Filename: C:\buildslave\unity\build\Runtime/Export/Debug/Debug.bindings.h Line: 35)

Cancelling DisplayDialog: Burst Package Update Detected The version of Burst used by your project has changed. Please restart the Editor to continue.
This should not be called in batch mode.
UnityEditor.EditorUtility:DisplayDialog(String, String, String, String)
UnityEditor.EditorUtility:DisplayDialog(String, String, String)
Unity.Burst.Editor.BurstLoader:VersionUpdateCheck() (at Library\PackageCache\com.unity.burst@1.3.0-preview.10\Editor\BurstLoader.cs:56)
Unity.Burst.Editor.BurstLoader:.cctor() (at Library\PackageCache\com.unity.burst@1.3.0-preview.10\Editor\BurstLoader.cs:99)
System.Runtime.CompilerServices.RuntimeHelpers:RunClassConstructor(IntPtr)
System.Runtime.CompilerServices.RuntimeHelpers:RunClassConstructor(RuntimeTypeHandle)
UnityEditor.EditorAssemblies:ProcessInitializeOnLoadAttributes(Type[])

[C:\buildslave\unity\build\Editor/Platform/Windows/EditorUtility.cpp line 1120] 
(Filename: Library/PackageCache/com.unity.burst@1.3.0-preview.10/Editor/BurstLoader.cs Line: 56)

System.InvalidOperationException: Burst failed to compile the function pointer `Int32 DoGetCSRTrampoline()`
  at Unity.Burst.BurstCompiler.Compile[T] (T delegateObj, System.Boolean isFunctionPointer) [0x0015e] in C:\Users\Joseph\Desktop\neural-mmo-client\UnityClient\Library\PackageCache\com.unity.burst@1.3.0-preview.10\Runtime\BurstCompiler.cs:171 
  at Unity.Burst.BurstCompiler.CompileFunctionPointer[T] (T delegateMethod) [0x00001] in C:\Users\Joseph\Desktop\neural-mmo-client\UnityClient\Library\PackageCache\com.unity.burst@1.3.0-preview.10\Runtime\BurstCompiler.cs:81 
  at Unity.Burst.Intrinsics.X86.CompileManagedCsrAccessors () [0x00001] in C:\Users\Joseph\Desktop\neural-mmo-client\UnityClient\Library\PackageCache\com.unity.burst@1.3.0-preview.10\Runtime\Intrinsics\x86\Csr.cs:191 
  at Unity.Burst.Editor.BurstLoader..cctor () [0x001f3] in C:\Users\Joseph\Desktop\neural-mmo-client\UnityClient\Library\PackageCache\com.unity.burst@1.3.0-preview.10\Editor\BurstLoader.cs:147 
UnityEngine.DebugLogHandler:Internal_Log(LogType, LogOption, String, Object)
UnityEngine.DebugLogHandler:LogFormat(LogType, Object, String, Object[])
UnityEngine.Logger:Log(LogType, Object)
UnityEngine.Debug:LogError(Object)
UnityEditor.EditorAssemblies:ProcessInitializeOnLoadAttributes(Type[])
 
(Filename: C:\buildslave\unity\build\Runtime/Export/Debug/Debug.bindings.h Line: 35)

FileNotFoundException: Could not load file or assembly 'Unity.Burst.Unsafe, Version=4.0.5.0, Culture=neutral, PublicKeyToken=null' or one of its dependencies.
  at Unity.Burst.BurstRuntime..cctor () [0x00012] in C:\Users\Joseph\Desktop\neural-mmo-client\UnityClient\Library\PackageCache\com.unity.burst@1.3.0-preview.10\Runtime\BurstRuntime.cs:171 
Rethrow as TypeInitializationException: The type initializer for 'Unity.Burst.BurstRuntime' threw an exception.
  at Unity.Burst.SharedStatic`1[T].GetOrCreate[TContext] (System.UInt32 alignment) [0x00001] in C:\Users\Joseph\Desktop\neural-mmo-client\UnityClient\Library\PackageCache\com.unity.burst@1.3.0-preview.10\Runtime\SharedStatic.cs:57 
  at Unity.Collections.AllocatorManager+StaticFunctionTable..cctor () [0x00000] in C:\Users\Joseph\Desktop\neural-mmo-client\UnityClient\Library\PackageCache\com.unity.collections@0.8.0-preview.5\Unity.Collections\AllocatorManager.cs:616 
Rethrow as TypeInitializationException: The type initializer for 'StaticFunctionTable' threw an exception.
  at Unity.Collections.AllocatorManager.Allocate (Unity.Collections.AllocatorManager+AllocatorHandle handle, System.Int32 itemSizeInBytes, System.Int32 alignmentInBytes, System.Int32 items) [0x0004a] in C:\Users\Joseph\Desktop\neural-mmo-client\UnityClient\Library\PackageCache\com.unity.collections@0.8.0-preview.5\Unity.Collections\AllocatorManager.cs:27 
  at Unity.Collections.AllocatorManager.Allocate[T] (Unity.Collections.AllocatorManager+AllocatorHandle handle, System.Int32 items) [0x00001] in C:\Users\Joseph\Desktop\neural-mmo-client\UnityClient\Library\PackageCache\com.unity.collections@0.8.0-preview.5\Unity.Collections\AllocatorManager.cs:35 
  at Unity.Collections.LowLevel.Unsafe.UnsafeList.Create (System.Int32 sizeOf, System.Int32 alignOf, System.Int32 initialCapacity, Unity.Collections.Allocator allocator, Unity.Collections.NativeArrayOptions options) [0x00013] in C:\Users\Joseph\Desktop\neural-mmo-client\UnityClient\Library\PackageCache\com.unity.collections@0.8.0-preview.5\Unity.Collections\UnsafeList.cs:134 
  at Unity.Collections.NativeList`1[T]..ctor (System.Int32 initialCapacity, Unity.Collections.Allocator allocator, System.Int32 disposeSentinelStackDepth) [0x00084] in C:\Users\Joseph\Desktop\neural-mmo-client\UnityClient\Library\PackageCache\com.unity.collections@0.8.0-preview.5\Unity.Collections\NativeList.cs:105 
  at Unity.Collections.NativeList`1[T]..ctor (Unity.Collections.Allocator allocator) [0x00000] in C:\Users\Joseph\Desktop\neural-mmo-client\UnityClient\Library\PackageCache\com.unity.collections@0.8.0-preview.5\Unity.Collections\NativeList.cs:62 
  at Unity.Scenes.Editor.EditorSceneLiveLinkToPlayerSendSystem.OnEnable () [0x00001] in C:\Users\Joseph\Desktop\neural-mmo-client\UnityClient\Library\PackageCache\com.unity.entities@0.10.0-preview.6\Unity.Scenes.Editor\EditorSceneLiveLinkToPlayerSendSystem.cs:188 
 
(Filename: Library/PackageCache/com.unity.burst@1.3.0-preview.10/Runtime/BurstRuntime.cs Line: 171)

Mono: successfully reloaded assembly
- Completed reload, in  1.294 seconds
Registering precompiled user dll's ...
Registered in 0.088092 seconds.
Platform modules already initialized, skipping
A Native Collection has not been disposed, resulting in a memory leak. Enable Full StackTraces to get more details. 
(Filename:  Line: 0)

Begin MonoManager ReloadAssembly
InvalidOperationException: The NativeArray has been deallocated, it is not allowed to access it
  at (wrapper managed-to-native) Unity.Collections.LowLevel.Unsafe.AtomicSafetyHandle.CheckDeallocateAndThrow_Injected(Unity.Collections.LowLevel.Unsafe.AtomicSafetyHandle&)
  at Unity.Collections.LowLevel.Unsafe.AtomicSafetyHandle.CheckDeallocateAndThrow (Unity.Collections.LowLevel.Unsafe.AtomicSafetyHandle handle) [0x00000] in <d815b7efac424eeb8e053965cccb1f98>:0 
  at Unity.Collections.LowLevel.Unsafe.DisposeSentinel.Dispose (Unity.Collections.LowLevel.Unsafe.AtomicSafetyHandle& safety, Unity.Collections.LowLevel.Unsafe.DisposeSentinel& sentinel) [0x00001] in <d815b7efac424eeb8e053965cccb1f98>:0 
  at Unity.Collections.NativeList`1[T].Dispose () [0x00001] in C:\Users\Joseph\Desktop\neural-mmo-client\UnityClient\Library\PackageCache\com.unity.collections@0.8.0-preview.5\Unity.Collections\NativeList.cs:357 
  at Unity.Scenes.Editor.EditorSceneLiveLinkToPlayerSendSystem.OnDisable () [0x00008] in C:\Users\Joseph\Desktop\neural-mmo-client\UnityClient\Library\PackageCache\com.unity.entities@0.10.0-preview.6\Unity.Scenes.Editor\EditorSceneLiveLinkToPlayerSendSystem.cs:212 
 
(Filename: <d815b7efac424eeb8e053965cccb1f98> Line: 0)

Symbol file LoadedFromMemory doesn't match image C:\Users\Joseph\Desktop\neural-mmo-client\UnityClient\Library\PackageCache\com.unity.ext.nunit@1.0.0\net35\unity-custom\nunit.framework.dll
Error: Could not load signature of Unity.Build.Classic.ClassicBuildProfile:get_Platform due to: Could not load file or assembly 'bee, Version=0.0.0.0, Culture=neutral, PublicKeyToken=null' or one of its dependencies. assembly:bee, Version=0.0.0.0, Culture=neutral, PublicKeyToken=null type:<unknown type> member:(null) signature:<none> 
(Filename: C:\buildslave\unity\build\Runtime/Mono/MonoAttributeHelpers.cpp Line: 385)

Error: Could not load signature of Unity.Entities.CodeGen.BlobAssetSafetyVerifier:PostProcessImpl due to: Could not load file or assembly 'Mono.Cecil, Version=0.10.0.0, Culture=neutral, PublicKeyToken=50cebf1cceb9d05e' or one of its dependencies. assembly:Mono.Cecil, Version=0.10.0.0, Culture=neutral, PublicKeyToken=50cebf1cceb9d05e type:<unknown type> member:(null) signature:<none> 
(Filename: C:\buildslave\unity\build\Runtime/Mono/MonoAttributeHelpers.cpp Line: 385)

Error: Could not load signature of Unity.Entities.Hybrid.CodeGen.AuthoringComponentPostProcessor:CreateBufferElementDataAuthoringType due to: Could not load file or assembly 'Mono.Cecil, Version=0.10.0.0, Culture=neutral, PublicKeyToken=50cebf1cceb9d05e' or one of its dependencies. assembly:Mono.Cecil, Version=0.10.0.0, Culture=neutral, PublicKeyToken=50cebf1cceb9d05e type:<unknown type> member:(null) signature:<none> 
(Filename: C:\buildslave\unity\build\Runtime/Mono/MonoAttributeHelpers.cpp Line: 385)

Error: Could not load signature of Unity.Entities.Editor.Decompiler:StartDecompilationProcesses due to: Could not load file or assembly 'Mono.Cecil, Version=0.10.0.0, Culture=neutral, PublicKeyToken=50cebf1cceb9d05e' or one of its dependencies. assembly:Mono.Cecil, Version=0.10.0.0, Culture=neutral, PublicKeyToken=50cebf1cceb9d05e type:<unknown type> member:(null) signature:<none> 
(Filename: C:\buildslave\unity\build\Runtime/Mono/MonoAttributeHelpers.cpp Line: 385)

Can't find custom attr constructor image: C:\Users\Joseph\Desktop\neural-mmo-client\UnityClient\Library\ScriptAssemblies\Unity.Burst.dll mtoken: 0x0a00000e due to: Could not load file or assembly 'Unity.Burst.Unsafe, Version=4.0.5.0, Culture=neutral, PublicKeyToken=null' or one of its dependencies. assembly:Unity.Burst.Unsafe, Version=4.0.5.0, Culture=neutral, PublicKeyToken=null type:<unknown type> member:(null) signature:<none>
Can't find custom attr constructor image: C:\Users\Joseph\Desktop\neural-mmo-client\UnityClient\Library\ScriptAssemblies\Unity.Burst.dll mtoken: 0x0a00000e due to: Could not load file or assembly 'Unity.Burst.Unsafe, Version=4.0.5.0, Culture=neutral, PublicKeyToken=null' or one of its dependencies. assembly:Unity.Burst.Unsafe, Version=4.0.5.0, Culture=neutral, PublicKeyToken=null type:<unknown type> member:(null) signature:<none>
Unloading broken assembly Library/ScriptAssemblies/Unity.Build.Classic.dll, this assembly can cause crashes in the runtime 
(Filename: C:\buildslave\unity\build\Runtime/Mono/MonoManager.cpp Line: 1182)

Unloading broken assembly Library/ScriptAssemblies/Unity.Entities.CodeGen.dll, this assembly can cause crashes in the runtime 
(Filename: C:\buildslave\unity\build\Runtime/Mono/MonoManager.cpp Line: 1182)

Unloading broken assembly Library/ScriptAssemblies/Unity.Entities.Hybrid.CodeGen.dll, this assembly can cause crashes in the runtime 
(Filename: C:\buildslave\unity\build\Runtime/Mono/MonoManager.cpp Line: 1182)

Unloading broken assembly Library/ScriptAssemblies/Unity.Entities.Editor.dll, this assembly can cause crashes in the runtime 
(Filename: C:\buildslave\unity\build\Runtime/Mono/MonoManager.cpp Line: 1182)

Unloading broken assembly Library/ScriptAssemblies/Unity.Properties.CodeGen.dll, this assembly can cause crashes in the runtime 
(Filename: C:\buildslave\unity\build\Runtime/Mono/MonoManager.cpp Line: 1182)

Unloading broken assembly Library/ScriptAssemblies/Unity.Build.Classic.Private.dll, this assembly can cause crashes in the runtime 
(Filename: C:\buildslave\unity\build\Runtime/Mono/MonoManager.cpp Line: 1182)

Native extension for LinuxStandalone target not found
Native extension for OSXStandalone target not found
Native extension for WindowsStandalone target not found
Refreshing native plugins compatible for Editor in 0.90 ms, found 0 plugins.
Preloading 0 native plugins for Editor in 0.00 ms.
System.TypeInitializationException: The type initializer for 'SharedTypeInfo' threw an exception. ---> System.TypeInitializationException: The type initializer for 'Unity.Burst.BurstRuntime' threw an exception. ---> System.IO.FileNotFoundException: Could not load file or assembly 'Unity.Burst.Unsafe, Version=4.0.5.0, Culture=neutral, PublicKeyToken=null' or one of its dependencies.
  at Unity.Burst.BurstRuntime..cctor () [0x00012] in C:\Users\Joseph\Desktop\neural-mmo-client\UnityClient\Library\PackageCache\com.unity.burst@1.3.0-preview.10\Runtime\BurstRuntime.cs:171 
   --- End of inner exception stack trace ---
  at Unity.Burst.SharedStatic`1[T].GetOrCreate[TContext,TSubContext] (System.UInt32 alignment) [0x00001] in C:\Users\Joseph\Desktop\neural-mmo-client\UnityClient\Library\PackageCache\com.unity.burst@1.3.0-preview.10\Runtime\SharedStatic.cs:70 
  at Unity.Entities.TypeManager+SharedTypeInfo..cctor () [0x00000] in C:\Users\Joseph\Desktop\neural-mmo-client\UnityClient\Library\PackageCache\com.unity.entities@0.10.0-preview.6\Unity.Entities\Types\TypeManager.cs:1439 
   --- End of inner exception stack trace ---
  at Unity.Entities.AttachToEntityClonerInjection.Initialize () [0x00001] in C:\Users\Joseph\Desktop\neural-mmo-client\UnityClient\Library\PackageCache\com.unity.entities@0.10.0-preview.6\Unity.Entities.Hybrid\Injection\CompanionGameObject.cs:27 
  at Unity.Entities.AttachToEntityClonerInjection..cctor () [0x00001] in C:\Users\Joseph\Desktop\neural-mmo-client\UnityClient\Library\PackageCache\com.unity.entities@0.10.0-preview.6\Unity.Entities.Hybrid\Injection\CompanionGameObject.cs:21 
UnityEngine.DebugLogHandler:Internal_Log(LogType, LogOption, String, Object)
UnityEngine.DebugLogHandler:LogFormat(LogType, Object, String, Object[])
UnityEngine.Logger:Log(LogType, Object)
UnityEngine.Debug:LogError(Object)
UnityEditor.EditorAssemblies:ProcessInitializeOnLoadAttributes(Type[])
 
(Filename: C:\buildslave\unity\build\Runtime/Export/Debug/Debug.bindings.h Line: 35)

Cancelling DisplayDialog: Burst Package Update Detected The version of Burst used by your project has changed. Please restart the Editor to continue.
This should not be called in batch mode.
UnityEditor.EditorUtility:DisplayDialog(String, String, String, String)
UnityEditor.EditorUtility:DisplayDialog(String, String, String)
Unity.Burst.Editor.BurstLoader:VersionUpdateCheck() (at Library\PackageCache\com.unity.burst@1.3.0-preview.10\Editor\BurstLoader.cs:56)
Unity.Burst.Editor.BurstLoader:.cctor() (at Library\PackageCache\com.unity.burst@1.3.0-preview.10\Editor\BurstLoader.cs:99)
System.Runtime.CompilerServices.RuntimeHelpers:RunClassConstructor(IntPtr)
System.Runtime.CompilerServices.RuntimeHelpers:RunClassConstructor(RuntimeTypeHandle)
UnityEditor.EditorAssemblies:ProcessInitializeOnLoadAttributes(Type[])

[C:\buildslave\unity\build\Editor/Platform/Windows/EditorUtility.cpp line 1120] 
(Filename: Library/PackageCache/com.unity.burst@1.3.0-preview.10/Editor/BurstLoader.cs Line: 56)

System.InvalidOperationException: Burst failed to compile the function pointer `Int32 DoGetCSRTrampoline()`
  at Unity.Burst.BurstCompiler.Compile[T] (T delegateObj, System.Boolean isFunctionPointer) [0x0015e] in C:\Users\Joseph\Desktop\neural-mmo-client\UnityClient\Library\PackageCache\com.unity.burst@1.3.0-preview.10\Runtime\BurstCompiler.cs:171 
  at Unity.Burst.BurstCompiler.CompileFunctionPointer[T] (T delegateMethod) [0x00001] in C:\Users\Joseph\Desktop\neural-mmo-client\UnityClient\Library\PackageCache\com.unity.burst@1.3.0-preview.10\Runtime\BurstCompiler.cs:81 
  at Unity.Burst.Intrinsics.X86.CompileManagedCsrAccessors () [0x00001] in C:\Users\Joseph\Desktop\neural-mmo-client\UnityClient\Library\PackageCache\com.unity.burst@1.3.0-preview.10\Runtime\Intrinsics\x86\Csr.cs:191 
  at Unity.Burst.Editor.BurstLoader..cctor () [0x001f3] in C:\Users\Joseph\Desktop\neural-mmo-client\UnityClient\Library\PackageCache\com.unity.burst@1.3.0-preview.10\Editor\BurstLoader.cs:147 
UnityEngine.DebugLogHandler:Internal_Log(LogType, LogOption, String, Object)
UnityEngine.DebugLogHandler:LogFormat(LogType, Object, String, Object[])
UnityEngine.Logger:Log(LogType, Object)
UnityEngine.Debug:LogError(Object)
UnityEditor.EditorAssemblies:ProcessInitializeOnLoadAttributes(Type[])
 
(Filename: C:\buildslave\unity\build\Runtime/Export/Debug/Debug.bindings.h Line: 35)

FileNotFoundException: Could not load file or assembly 'Unity.Burst.Unsafe, Version=4.0.5.0, Culture=neutral, PublicKeyToken=null' or one of its dependencies.
  at Unity.Burst.BurstRuntime..cctor () [0x00012] in C:\Users\Joseph\Desktop\neural-mmo-client\UnityClient\Library\PackageCache\com.unity.burst@1.3.0-preview.10\Runtime\BurstRuntime.cs:171 
Rethrow as TypeInitializationException: The type initializer for 'Unity.Burst.BurstRuntime' threw an exception.
  at Unity.Burst.SharedStatic`1[T].GetOrCreate[TContext] (System.UInt32 alignment) [0x00001] in C:\Users\Joseph\Desktop\neural-mmo-client\UnityClient\Library\PackageCache\com.unity.burst@1.3.0-preview.10\Runtime\SharedStatic.cs:57 
  at Unity.Collections.AllocatorManager+StaticFunctionTable..cctor () [0x00000] in C:\Users\Joseph\Desktop\neural-mmo-client\UnityClient\Library\PackageCache\com.unity.collections@0.8.0-preview.5\Unity.Collections\AllocatorManager.cs:616 
Rethrow as TypeInitializationException: The type initializer for 'StaticFunctionTable' threw an exception.
  at Unity.Collections.AllocatorManager.Allocate (Unity.Collections.AllocatorManager+AllocatorHandle handle, System.Int32 itemSizeInBytes, System.Int32 alignmentInBytes, System.Int32 items) [0x0004a] in C:\Users\Joseph\Desktop\neural-mmo-client\UnityClient\Library\PackageCache\com.unity.collections@0.8.0-preview.5\Unity.Collections\AllocatorManager.cs:27 
  at Unity.Collections.AllocatorManager.Allocate[T] (Unity.Collections.AllocatorManager+AllocatorHandle handle, System.Int32 items) [0x00001] in C:\Users\Joseph\Desktop\neural-mmo-client\UnityClient\Library\PackageCache\com.unity.collections@0.8.0-preview.5\Unity.Collections\AllocatorManager.cs:35 
  at Unity.Collections.LowLevel.Unsafe.UnsafeList.Create (System.Int32 sizeOf, System.Int32 alignOf, System.Int32 initialCapacity, Unity.Collections.Allocator allocator, Unity.Collections.NativeArrayOptions options) [0x00013] in C:\Users\Joseph\Desktop\neural-mmo-client\UnityClient\Library\PackageCache\com.unity.collections@0.8.0-preview.5\Unity.Collections\UnsafeList.cs:134 
  at Unity.Collections.NativeList`1[T]..ctor (System.Int32 initialCapacity, Unity.Collections.Allocator allocator, System.Int32 disposeSentinelStackDepth) [0x00084] in C:\Users\Joseph\Desktop\neural-mmo-client\UnityClient\Library\PackageCache\com.unity.collections@0.8.0-preview.5\Unity.Collections\NativeList.cs:105 
  at Unity.Collections.NativeList`1[T]..ctor (Unity.Collections.Allocator allocator) [0x00000] in C:\Users\Joseph\Desktop\neural-mmo-client\UnityClient\Library\PackageCache\com.unity.collections@0.8.0-preview.5\Unity.Collections\NativeList.cs:62 
  at Unity.Scenes.Editor.EditorSceneLiveLinkToPlayerSendSystem.OnEnable () [0x00001] in C:\Users\Joseph\Desktop\neural-mmo-client\UnityClient\Library\PackageCache\com.unity.entities@0.10.0-preview.6\Unity.Scenes.Editor\EditorSceneLiveLinkToPlayerSendSystem.cs:188 
 
(Filename: Library/PackageCache/com.unity.burst@1.3.0-preview.10/Runtime/BurstRuntime.cs Line: 171)

Mono: successfully reloaded assembly
- Completed reload, in  1.067 seconds
A Native Collection has not been disposed, resulting in a memory leak. Enable Full StackTraces to get more details. 
(Filename:  Line: 0)

Platform modules already initialized, skipping
WARNING: Shader Unsupported: 'Hidden/PostProcessing/FinalPass' - Pass '' has no vertex shader
WARNING: Shader Unsupported: 'Hidden/PostProcessing/FinalPass' - Pass '' has no vertex shader
WARNING: Shader Unsupported: 'Hidden/PostProcessing/Uber' - Pass '' has no vertex shader
WARNING: Shader Unsupported: 'Hidden/PostProcessing/Uber' - Pass '' has no vertex shader
Refreshing native plugins compatible for Editor in 0.90 ms, found 0 plugins.
Preloading 0 native plugins for Editor in 0.00 ms.
Unloading 48 Unused Serialized files (Serialized files now loaded: 0)
System memory in use before: 50.4 MB.
System memory in use after: 48.3 MB.

Unloading 47 unused Assets to reduce memory usage. Loaded Objects now: 1635.
Total: 3.525300 ms (FindLiveObjects: 0.372400 ms CreateObjectMapping: 0.033400 ms MarkObjects: 2.225300 ms  DeleteObjects: 0.893700 ms)

AssetImportWorkerClient::OnTransportError - code=2 error=End of file
