Base path: 'C:/Program Files/Unity/Hub/Editor/2019.3.6f1/Editor/Data', plugins path 'C:/Program Files/Unity/Hub/Editor/2019.3.6f1/Editor/Data/PlaybackEngines'
Cmd: initializeCompiler
Cmd: preprocess
  insize=7844 outsize=2494 ok=1
Cmd: preprocess
  insize=3608 outsize=1262 ok=1
Cmd: preprocess
  insize=2089 outsize=513 ok=1
Cmd: compileSnippet
  error: 1 plat 4 at (33): Output value 'vert' is not completely initialized\nCompiling Vertex program
Platform defines: UNITY_ENABLE_REFLECTION_BUFFERS UNITY_USE_DITHER_MASK_FOR_ALPHABLENDED_SHADOWS UNITY_PBS_USE_BRDF1 UNITY_SPECCUBE_BOX_PROJECTION UNITY_SPECCUBE_BLENDING UNITY_ENABLE_DETAIL_NORMALMAP SHADER_API_DESKTOP UNITY_COLORSPACE_GAMMA UNITY_LIGHT_PROBE_PROXY_VOLUME UNITY_LIGHTMAP_FULL_HDR
  api=4 type=0 insize=2013 outsize=682 kw= pd=UNITY_ENABLE_REFLECTION_BUFFERS UNITY_USE_DITHER_MASK_FOR_ALPHABLENDED_SHADOWS UNITY_PBS_USE_BRDF1 UNITY_SPECCUBE_BOX_PROJECTION UNITY_SPECCUBE_BLENDING UNITY_ENABLE_DETAIL_NORMALMAP SHADER_API_DESKTOP UNITY_COLORSPACE_GAMMA UNITY_LIGHT_PROBE_PROXY_VOLUME UNITY_LIGHTMAP_FULL_HDR ok=1
Cmd: compileSnippet
  api=4 type=1 insize=2013 outsize=690 kw= pd=UNITY_ENABLE_REFLECTION_BUFFERS UNITY_USE_DITHER_MASK_FOR_ALPHABLENDED_SHADOWS UNITY_PBS_USE_BRDF1 UNITY_SPECCUBE_BOX_PROJECTION UNITY_SPECCUBE_BLENDING UNITY_ENABLE_DETAIL_NORMALMAP SHADER_API_DESKTOP UNITY_COLORSPACE_GAMMA UNITY_LIGHT_PROBE_PROXY_VOLUME UNITY_LIGHTMAP_FULL_HDR ok=1
Cmd: preprocess
  insize=3615 outsize=2669 ok=1
Cmd: preprocess
  insize=13381 outsize=2646 ok=1
Cmd: preprocess
  insize=4453 outsize=3687 ok=1
Cmd: preprocess
  insize=3606 outsize=1310 ok=1
Cmd: preprocess
  insize=10875 outsize=4001 ok=1
Cmd: preprocess
  insize=12504 outsize=2525 ok=1
Cmd: preprocess
  insize=15664 outsize=9644 ok=1
Cmd: preprocess
  insize=4405 outsize=1085 ok=1
Cmd: preprocess
  insize=8019 outsize=2766 ok=1
Cmd: preprocess
  insize=1966 outsize=588 ok=1
Cmd: preprocess
  insize=10864 outsize=3992 ok=1
Cmd: preprocess
  insize=3652 outsize=1674 ok=1
Cmd: preprocess
  insize=7870 outsize=2504 ok=1
Cmd: preprocess
  insize=2420 outsize=1129 ok=1
